[1] "Data set of images : all.all.txt"

Call:
 randomForest(x = training[, 3:ncol(training)], y = training[,      2], importance = TRUE, ntrees = 100001) 
               Type of random forest: classification
                     Number of trees: 500
No. of variables tried at each split: 11

        OOB estimate of  error rate: 23.54%
Confusion matrix:
                  Carbonate sand Coral rubble Indeterminate Live reef Mixed
Carbonate sand              6889          812           108         1     1
Coral rubble                 679         6118            20         0    30
Indeterminate                109           38          1514         2     0
Live reef                     12            2             2         7     0
Mixed                          3          164             0         0   709
Seagrasses                     0            1             3         0     1
Senile coral reef            282         1441            35         0     6
Syringodium                    5           43             0         0    21
Thalassia                      9          132             1         0   103
                  Seagrasses Senile coral reef Syringodium Thalassia
Carbonate sand             0               309           2         0
Coral rubble               0              1946           1        57
Indeterminate              0                85           0         3
Live reef                  0                 4           0         0
Mixed                      0                75           3        66
Seagrasses                 0                 0           0         0
Senile coral reef          0              6305           0         9
Syringodium                0                15          38         2
Thalassia                  0                62           0       204
                  class.error
Carbonate sand      0.1518099
Coral rubble        0.3087787
Indeterminate       0.1353512
Live reef           0.7407407
Mixed               0.3049020
Seagrasses          1.0000000
Senile coral reef   0.2194850
Syringodium         0.6935484
Thalassia           0.6007828
null device 
          1 
