[1] "Data set of images : ELH2.all.features.txt"

Call:
 randomForest(x = training[, 3:ncol(training)], y = training[,      2], importance = TRUE, ntrees = 100001) 
               Type of random forest: classification
                     Number of trees: 500
No. of variables tried at each split: 11

        OOB estimate of  error rate: 8.96%
Confusion matrix:
                  Carbonate sand Coral rubble Indeterminate Seagrasses
Carbonate sand                 6           16             0          0
Coral rubble                   1          258            10          0
Indeterminate                  0            8           668          0
Seagrasses                     0            0             2          0
Senile coral reef              0           34             3          0
                  Senile coral reef class.error
Carbonate sand                    5  0.77777778
Coral rubble                     41  0.16774194
Indeterminate                     2  0.01474926
Seagrasses                        0  1.00000000
Senile coral reef               307  0.10755814
null device 
          1 
